2019-02-09 14:57:37,424 - c:\phd\Trainer\phd_research\cc\patch_proposals.py - DEBUG - Entering generate_patches_v2, image: (32,32), patch: (8,8)
2019-02-09 14:57:37,426 - c:\phd\Trainer\phd_research\cc\patch_proposals.py - DEBUG - Creating patches with [0] padding ...
2019-02-09 14:57:37,442 - c:\phd\Trainer\phd_research\cc\patch_proposals.py - DEBUG - Successfully generated patches 
2019-02-09 14:57:37,443 - c:\phd\Trainer\phd_research\cc\reconstructor.py - INFO - Entering reconstruct_from_patches, number of patches: 16
2019-02-09 14:57:37,443 - c:\phd\Trainer\phd_research\cc\reconstructor.py - DEBUG - Entering _sort_patches ... 
2019-02-09 14:57:37,443 - c:\phd\Trainer\phd_research\cc\map_measure.py - INFO - Entering map_measure_fn, measure: Mutual Information
2019-02-09 14:57:37,444 - c:\phd\Trainer\phd_research\cc\map_measure.py - INFO - Successfully mapped measure function
2019-02-09 14:57:37,973 - c:\phd\Trainer\phd_research\cc\reconstructor.py - INFO - Sorting patches by distance measure, measure: Mutual Information
2019-02-09 14:57:38,327 - c:\phd\Trainer\phd_research\cc\reconstructor.py - INFO - Successfully sorted patches, closing session and exiting ...
2019-02-09 14:57:38,327 - c:\phd\Trainer\phd_research\cc\reconstructor.py - INFO - Reconstructing sample ...
2019-02-09 14:57:38,327 - c:\phd\Trainer\phd_research\cc\reconstructor.py - INFO - Successfully reconstructed image, measure: Mutual Information
2019-02-09 15:01:57,469 - c:\phd\Trainer\phd_research\cc\patch_proposals.py - DEBUG - Entering generate_patches_v2, image: (32,32), patch: (8,8)
2019-02-09 15:01:57,470 - c:\phd\Trainer\phd_research\cc\patch_proposals.py - DEBUG - Creating patches with [0] padding ...
2019-02-09 15:01:57,475 - c:\phd\Trainer\phd_research\cc\patch_proposals.py - DEBUG - Successfully generated patches 
2019-02-09 15:01:57,475 - c:\phd\Trainer\phd_research\cc\reconstructor.py - INFO - Entering reconstruct_from_patches, number of patches: 16
2019-02-09 15:01:57,475 - c:\phd\Trainer\phd_research\cc\reconstructor.py - DEBUG - Entering _sort_patches ... 
2019-02-09 15:01:57,476 - c:\phd\Trainer\phd_research\cc\map_measure.py - INFO - Entering map_measure_fn, measure: Mutual Information
2019-02-09 15:01:57,476 - c:\phd\Trainer\phd_research\cc\map_measure.py - INFO - Successfully mapped measure function
2019-02-09 15:01:57,956 - c:\phd\Trainer\phd_research\cc\reconstructor.py - INFO - Sorting patches by distance measure, measure: Mutual Information
2019-02-09 15:01:58,301 - c:\phd\Trainer\phd_research\cc\reconstructor.py - INFO - Successfully sorted patches, closing session and exiting ...
2019-02-09 15:01:58,301 - c:\phd\Trainer\phd_research\cc\reconstructor.py - INFO - Reconstructing sample ...
2019-02-09 15:01:58,301 - c:\phd\Trainer\phd_research\cc\reconstructor.py - INFO - Successfully reconstructed image, measure: Mutual Information
2019-02-09 15:03:07,764 - c:\phd\Trainer\phd_research\cc\patch_proposals.py - DEBUG - Entering generate_patches_v2, image: (32,32), patch: (8,8)
2019-02-09 15:03:07,765 - c:\phd\Trainer\phd_research\cc\patch_proposals.py - DEBUG - Creating patches with [0] padding ...
2019-02-09 15:03:07,770 - c:\phd\Trainer\phd_research\cc\patch_proposals.py - DEBUG - Successfully generated patches 
2019-02-09 15:03:07,770 - c:\phd\Trainer\phd_research\cc\reconstructor.py - INFO - Entering reconstruct_from_patches, number of patches: 16
2019-02-09 15:03:07,771 - c:\phd\Trainer\phd_research\cc\reconstructor.py - DEBUG - Entering _sort_patches ... 
2019-02-09 15:03:07,771 - c:\phd\Trainer\phd_research\cc\map_measure.py - INFO - Entering map_measure_fn, measure: Mutual Information
2019-02-09 15:03:07,771 - c:\phd\Trainer\phd_research\cc\map_measure.py - INFO - Successfully mapped measure function
2019-02-09 15:03:08,218 - c:\phd\Trainer\phd_research\cc\reconstructor.py - INFO - Sorting patches by distance measure, measure: Mutual Information
2019-02-09 15:03:08,586 - c:\phd\Trainer\phd_research\cc\reconstructor.py - INFO - Successfully sorted patches, closing session and exiting ...
2019-02-09 15:03:08,587 - c:\phd\Trainer\phd_research\cc\reconstructor.py - INFO - Reconstructing sample ...
2019-02-09 15:03:08,593 - c:\phd\Trainer\phd_research\cc\reconstructor.py - INFO - Successfully reconstructed image, measure: Mutual Information
2019-02-09 15:03:36,147 - c:\phd\Trainer\phd_research\cc\patch_proposals.py - DEBUG - Entering generate_patches_v2, image: (32,32), patch: (8,8)
2019-02-09 15:03:36,148 - c:\phd\Trainer\phd_research\cc\patch_proposals.py - DEBUG - Creating patches with [0] padding ...
2019-02-09 15:03:36,153 - c:\phd\Trainer\phd_research\cc\patch_proposals.py - DEBUG - Successfully generated patches 
2019-02-09 15:03:36,154 - c:\phd\Trainer\phd_research\cc\reconstructor.py - INFO - Entering reconstruct_from_patches, number of patches: 16
2019-02-09 15:03:36,154 - c:\phd\Trainer\phd_research\cc\reconstructor.py - DEBUG - Entering _sort_patches ... 
2019-02-09 15:03:36,154 - c:\phd\Trainer\phd_research\cc\map_measure.py - INFO - Entering map_measure_fn, measure: Mutual Information
2019-02-09 15:03:36,154 - c:\phd\Trainer\phd_research\cc\map_measure.py - INFO - Successfully mapped measure function
2019-02-09 15:03:36,625 - c:\phd\Trainer\phd_research\cc\reconstructor.py - INFO - Sorting patches by distance measure, measure: Mutual Information
2019-02-09 15:03:36,978 - c:\phd\Trainer\phd_research\cc\reconstructor.py - INFO - Successfully sorted patches, closing session and exiting ...
2019-02-09 15:03:36,980 - c:\phd\Trainer\phd_research\cc\reconstructor.py - INFO - Reconstructing sample ...
2019-02-09 15:03:36,985 - c:\phd\Trainer\phd_research\cc\reconstructor.py - INFO - Successfully reconstructed image, measure: Mutual Information
2019-02-09 15:04:45,935 - c:\phd\Trainer\phd_research\cc\patch_proposals.py - DEBUG - Entering generate_patches_v2, image: (32,32), patch: (8,8)
2019-02-09 15:04:45,935 - c:\phd\Trainer\phd_research\cc\patch_proposals.py - DEBUG - Creating patches with [0] padding ...
2019-02-09 15:04:45,952 - c:\phd\Trainer\phd_research\cc\patch_proposals.py - DEBUG - Successfully generated patches 
2019-02-09 15:04:45,953 - c:\phd\Trainer\phd_research\cc\reconstructor.py - INFO - Entering reconstruct_from_patches, number of patches: 16
2019-02-09 15:04:45,954 - c:\phd\Trainer\phd_research\cc\reconstructor.py - DEBUG - Entering _sort_patches ... 
2019-02-09 15:04:45,955 - c:\phd\Trainer\phd_research\cc\map_measure.py - INFO - Entering map_measure_fn, measure: Mutual Information
2019-02-09 15:04:45,955 - c:\phd\Trainer\phd_research\cc\map_measure.py - INFO - Successfully mapped measure function
2019-02-09 15:04:46,411 - c:\phd\Trainer\phd_research\cc\reconstructor.py - INFO - Sorting patches by distance measure, measure: Mutual Information
2019-02-09 15:04:46,763 - c:\phd\Trainer\phd_research\cc\reconstructor.py - INFO - Successfully sorted patches, closing session and exiting ...
2019-02-09 15:04:46,763 - c:\phd\Trainer\phd_research\cc\reconstructor.py - INFO - Reconstructing sample ...
2019-02-09 15:04:46,782 - c:\phd\Trainer\phd_research\cc\reconstructor.py - INFO - Successfully reconstructed image, measure: Mutual Information
